[debug] [2025-08-06T09:21:53.933Z] [Firebase Plugin] Activating Firebase extension.
[debug] [2025-08-06T09:21:56.831Z] [Firebase Plugin] requireAuthWrapper
[debug] [2025-08-06T09:21:56.833Z] > command requires scopes: ["email","openid","https://www.googleapis.com/auth/cloudplatformprojects.readonly","https://www.googleapis.com/auth/firebase","https://www.googleapis.com/auth/cloud-platform"]
[debug] [2025-08-06T09:21:56.833Z] > authorizing via signed-in user (pysarenkoiryna@gmail.com)
[debug] [2025-08-06T09:21:56.836Z] Checked if tokens are valid: true, expires at: 1754475703262
[debug] [2025-08-06T09:21:56.836Z] Checked if tokens are valid: true, expires at: 1754475703262
[debug] [2025-08-06T09:21:56.836Z] [Firebase Plugin] User found:  pysarenkoiryna@gmail.com
[info] [Firebase Plugin] (Core:Project) New user detected, fetching projects
[debug] [2025-08-06T09:21:56.836Z] Checked if tokens are valid: true, expires at: 1754475703262
[debug] [2025-08-06T09:21:56.837Z] >>> [apiv2][query] GET https://firebase.googleapis.com/v1beta1/projects pageSize=1000
[debug] [2025-08-06T09:21:56.842Z] [Firebase Plugin] VSCode notification server listening on port 40001
[debug] [2025-08-06T09:21:56.948Z] Field "/hosting" in "firebase.json" is possibly invalid: must be object
[debug] [2025-08-06T09:21:56.949Z] Object "/hosting/0" in "firebase.json" is missing required property: {"missingProperty":"target"}
[debug] [2025-08-06T09:21:56.949Z] Object "/hosting/0" in "firebase.json" is missing required property: {"missingProperty":"site"}
[debug] [2025-08-06T09:21:56.949Z] Field "/hosting/0" in "firebase.json" is possibly invalid: must match a schema in anyOf
[debug] [2025-08-06T09:21:56.949Z] Field "/hosting" in "firebase.json" is possibly invalid: must match a schema in anyOf
[debug] [2025-08-06T09:21:57.416Z] <<< [apiv2][status] GET https://firebase.googleapis.com/v1beta1/projects 200
[debug] [2025-08-06T09:21:57.416Z] <<< [apiv2][body] GET https://firebase.googleapis.com/v1beta1/projects [omitted]
[info] [Firebase Plugin] Starting Data Connect toolkit (version 2.10.1) on port 50001
[info] i  dataconnect: downloading dataconnect-emulator-2.10.1... {"metadata":{"emulator":{"name":"dataconnect"},"message":"downloading dataconnect-emulator-2.10.1..."}}
[debug] [2025-08-06T10:49:24.564Z] >>> [apiv2][query] GET https://storage.googleapis.com/firemat-preview-drop/emulator/dataconnect-emulator-macos-v2.10.1 
[debug] [2025-08-06T10:49:24.941Z] <<< [apiv2][status] GET https://storage.googleapis.com/firemat-preview-drop/emulator/dataconnect-emulator-macos-v2.10.1 200
[debug] [2025-08-06T10:49:24.944Z] <<< [apiv2][body] GET https://storage.googleapis.com/firemat-preview-drop/emulator/dataconnect-emulator-macos-v2.10.1 [stream]
[info] i  dataconnect: Removing outdated emulator files: dataconnect-emulator-2.10.0 {"metadata":{"emulator":{"name":"dataconnect"},"message":"Removing outdated emulator files: dataconnect-emulator-2.10.0"}}
[debug] [2025-08-06T10:49:28.369Z] 'fdc build' failed with error: Unable to build your Data Connect schema and connectors (exit code null):  {"metadata":{"emulator":{"name":"dataconnect"},"message":"'fdc build' failed with error: Unable to build your Data Connect schema and connectors (exit code null): "}}
[debug] [2025-08-06T10:49:28.370Z] Ignoring unsupported arg: auto_download {"metadata":{"emulator":{"name":"dataconnect"},"message":"Ignoring unsupported arg: auto_download"}}
[debug] [2025-08-06T10:49:28.371Z] Ignoring unsupported arg: port {"metadata":{"emulator":{"name":"dataconnect"},"message":"Ignoring unsupported arg: port"}}
[debug] [2025-08-06T10:49:28.371Z] Starting Data Connect Emulator with command {"binary":"/Users/sabinina/.cache/firebase/emulators/dataconnect-emulator-2.10.1","args":["--logtostderr","-v=2","dev","--listen=localhost:50001","--config_dir=/Users/sabinina/codelab-friendlyeats-web/dataconnect","--enable_output_schema_extensions=true","--enable_output_generated_sdk=true"],"optionalArgs":["listen","config_dir","enable_output_schema_extensions","enable_output_generated_sdk"],"joinArgs":true,"shell":false,"port":9399} {"metadata":{"emulator":{"name":"dataconnect"},"message":"Starting Data Connect Emulator with command {\"binary\":\"/Users/sabinina/.cache/firebase/emulators/dataconnect-emulator-2.10.1\",\"args\":[\"--logtostderr\",\"-v=2\",\"dev\",\"--listen=localhost:50001\",\"--config_dir=/Users/sabinina/codelab-friendlyeats-web/dataconnect\",\"--enable_output_schema_extensions=true\",\"--enable_output_generated_sdk=true\"],\"optionalArgs\":[\"listen\",\"config_dir\",\"enable_output_schema_extensions\",\"enable_output_generated_sdk\"],\"joinArgs\":true,\"shell\":false,\"port\":9399}"}}
[info] i  dataconnect: Data Connect Emulator logging to dataconnect-debug.log {"metadata":{"emulator":{"name":"dataconnect"},"message":"Data Connect Emulator logging to dataconnect-debug.log"}}
[warn] ⚠  Data Connect Emulator has exited upon receiving signal: SIGKILL 
